2025-10-24 16:56:59,294 - root - INFO - STDIO MODE: Logging configured - all logs redirected to C:\Users\hyper\logs\chroma_mcp_stdio_1761339419.log
2025-10-24 16:56:59,295 - chromamcp.unconfigured - WARNING - Logger requested before main configuration.
2025-10-24 16:56:59,295 - root - INFO - Log retention policy set to 7 days
2025-10-24 16:56:59,297 - root - INFO - Monkey patched logging.getLogger to ensure all future loggers use file output only
2025-10-24 16:56:59,325 - chromamcp.unconfigured - WARNING - Logger requested before main configuration.
2025-10-24 16:56:59,326 - chromamcp.unconfigured - WARNING - Logger requested before main configuration.
2025-10-24 16:56:59,327 - chromamcp.unconfigured - WARNING - Logger requested before main configuration.
2025-10-24 16:57:01,704 - httpx - INFO - HTTP Request: GET http://localhost:8000/api/v2/auth/identity "HTTP/1.1 200 OK"
2025-10-24 16:57:02,575 - httpx - INFO - HTTP Request: GET http://localhost:8000/api/v2/tenants/default_tenant "HTTP/1.1 200 OK"
2025-10-24 16:57:02,578 - httpx - INFO - HTTP Request: GET http://localhost:8000/api/v2/tenants/default_tenant/databases/default_database "HTTP/1.1 200 OK"
2025-10-24 16:57:02,724 - httpx - INFO - HTTP Request: GET http://localhost:8000/api/v2/tenants/default_tenant/databases/default_database/collections/codebase_v1 "HTTP/1.1 200 OK"
2025-10-24 16:57:02,728 - httpx - INFO - HTTP Request: GET http://localhost:8000/api/v2/tenants/default_tenant/databases/default_database/collections/chat_history_v1 "HTTP/1.1 200 OK"
2025-10-24 16:57:02,732 - httpx - INFO - HTTP Request: GET http://localhost:8000/api/v2/tenants/default_tenant/databases/default_database/collections/derived_learnings_v1 "HTTP/1.1 200 OK"
2025-10-24 16:57:02,735 - httpx - INFO - HTTP Request: GET http://localhost:8000/api/v2/tenants/default_tenant/databases/default_database/collections/thinking_sessions_v1 "HTTP/1.1 200 OK"
2025-10-24 16:57:02,739 - httpx - INFO - HTTP Request: GET http://localhost:8000/api/v2/tenants/default_tenant/databases/default_database/collections/validation_evidence_v1 "HTTP/1.1 200 OK"
2025-10-24 16:57:02,742 - httpx - INFO - HTTP Request: GET http://localhost:8000/api/v2/tenants/default_tenant/databases/default_database/collections/test_results_v1 "HTTP/1.1 200 OK"
2025-10-24 16:57:02,744 - root - INFO - Entering stdio mode - all logs are going to file only
2025-10-24 16:57:02,754 - root - INFO - Successfully imported tool modules inside main_stdio.
2025-10-24 16:57:02,754 - root - INFO - Explicitly imported chroma_mcp.server.
2025-10-24 16:57:02,754 - root - INFO - Creating initialization options...
2025-10-24 16:57:02,758 - root - INFO - Initialization options created. Calling server.run...
