2025-10-22 02:02:46,538 - root - INFO - STDIO MODE: Logging configured - all logs redirected to C:\Users\hyper\logs\chroma_mcp_stdio_1761112966.log
2025-10-22 02:02:46,538 - chromamcp.unconfigured - WARNING - Logger requested before main configuration.
2025-10-22 02:02:46,540 - root - INFO - Log retention policy set to 7 days
2025-10-22 02:02:46,543 - root - INFO - Monkey patched logging.getLogger to ensure all future loggers use file output only
2025-10-22 02:02:46,558 - chromamcp.unconfigured - WARNING - Logger requested before main configuration.
2025-10-22 02:02:46,558 - chromamcp.unconfigured - WARNING - Logger requested before main configuration.
2025-10-22 02:02:46,558 - chromamcp.unconfigured - WARNING - Logger requested before main configuration.
2025-10-22 02:02:48,280 - httpx - INFO - HTTP Request: GET http://localhost:8000/api/v2/auth/identity "HTTP/1.1 200 OK"
2025-10-22 02:02:49,271 - httpx - INFO - HTTP Request: GET http://localhost:8000/api/v2/tenants/default_tenant "HTTP/1.1 200 OK"
2025-10-22 02:02:49,276 - httpx - INFO - HTTP Request: GET http://localhost:8000/api/v2/tenants/default_tenant/databases/default_database "HTTP/1.1 200 OK"
2025-10-22 02:02:49,333 - httpx - INFO - HTTP Request: GET http://localhost:8000/api/v2/tenants/default_tenant/databases/default_database/collections/codebase_v1 "HTTP/1.1 200 OK"
2025-10-22 02:02:49,340 - httpx - INFO - HTTP Request: GET http://localhost:8000/api/v2/tenants/default_tenant/databases/default_database/collections/chat_history_v1 "HTTP/1.1 200 OK"
2025-10-22 02:02:49,343 - httpx - INFO - HTTP Request: GET http://localhost:8000/api/v2/tenants/default_tenant/databases/default_database/collections/derived_learnings_v1 "HTTP/1.1 200 OK"
2025-10-22 02:02:49,348 - httpx - INFO - HTTP Request: GET http://localhost:8000/api/v2/tenants/default_tenant/databases/default_database/collections/thinking_sessions_v1 "HTTP/1.1 200 OK"
2025-10-22 02:02:49,353 - httpx - INFO - HTTP Request: GET http://localhost:8000/api/v2/tenants/default_tenant/databases/default_database/collections/validation_evidence_v1 "HTTP/1.1 200 OK"
2025-10-22 02:02:49,357 - httpx - INFO - HTTP Request: GET http://localhost:8000/api/v2/tenants/default_tenant/databases/default_database/collections/test_results_v1 "HTTP/1.1 200 OK"
2025-10-22 02:02:49,359 - root - INFO - Entering stdio mode - all logs are going to file only
2025-10-22 02:02:49,369 - root - INFO - Successfully imported tool modules inside main_stdio.
2025-10-22 02:02:49,369 - root - INFO - Explicitly imported chroma_mcp.server.
2025-10-22 02:02:49,369 - root - INFO - Creating initialization options...
2025-10-22 02:02:49,374 - root - INFO - Initialization options created. Calling server.run...
