2025-10-24 23:55:34,105 - root - INFO - STDIO MODE: Logging configured - all logs redirected to C:\Users\hyper\logs\chroma_mcp_stdio_1761364534.log
2025-10-24 23:55:34,120 - chromamcp.unconfigured - WARNING - Logger requested before main configuration.
2025-10-24 23:55:34,120 - root - INFO - Log retention policy set to 7 days
2025-10-24 23:55:34,135 - root - INFO - Monkey patched logging.getLogger to ensure all future loggers use file output only
2025-10-24 23:55:34,194 - chromamcp.unconfigured - WARNING - Logger requested before main configuration.
2025-10-24 23:55:34,194 - chromamcp.unconfigured - WARNING - Logger requested before main configuration.
2025-10-24 23:55:34,195 - chromamcp.unconfigured - WARNING - Logger requested before main configuration.
2025-10-24 23:55:36,968 - httpx - INFO - HTTP Request: GET http://localhost:8000/api/v2/auth/identity "HTTP/1.1 200 OK"
2025-10-24 23:55:37,948 - httpx - INFO - HTTP Request: GET http://localhost:8000/api/v2/tenants/default_tenant "HTTP/1.1 200 OK"
2025-10-24 23:55:37,951 - httpx - INFO - HTTP Request: GET http://localhost:8000/api/v2/tenants/default_tenant/databases/default_database "HTTP/1.1 200 OK"
2025-10-24 23:55:38,177 - httpx - INFO - HTTP Request: GET http://localhost:8000/api/v2/tenants/default_tenant/databases/default_database/collections/codebase_v1 "HTTP/1.1 200 OK"
2025-10-24 23:55:38,180 - httpx - INFO - HTTP Request: GET http://localhost:8000/api/v2/tenants/default_tenant/databases/default_database/collections/chat_history_v1 "HTTP/1.1 200 OK"
2025-10-24 23:55:38,183 - httpx - INFO - HTTP Request: GET http://localhost:8000/api/v2/tenants/default_tenant/databases/default_database/collections/derived_learnings_v1 "HTTP/1.1 200 OK"
2025-10-24 23:55:38,187 - httpx - INFO - HTTP Request: GET http://localhost:8000/api/v2/tenants/default_tenant/databases/default_database/collections/thinking_sessions_v1 "HTTP/1.1 200 OK"
2025-10-24 23:55:38,191 - httpx - INFO - HTTP Request: GET http://localhost:8000/api/v2/tenants/default_tenant/databases/default_database/collections/validation_evidence_v1 "HTTP/1.1 200 OK"
2025-10-24 23:55:38,194 - httpx - INFO - HTTP Request: GET http://localhost:8000/api/v2/tenants/default_tenant/databases/default_database/collections/test_results_v1 "HTTP/1.1 200 OK"
2025-10-24 23:55:38,195 - root - INFO - Entering stdio mode - all logs are going to file only
2025-10-24 23:55:38,203 - root - INFO - Successfully imported tool modules inside main_stdio.
2025-10-24 23:55:38,203 - root - INFO - Explicitly imported chroma_mcp.server.
2025-10-24 23:55:38,204 - root - INFO - Creating initialization options...
2025-10-24 23:55:38,209 - root - INFO - Initialization options created. Calling server.run...
