2025-10-25 00:07:59,039 - root - INFO - STDIO MODE: Logging configured - all logs redirected to C:\Users\hyper\logs\chroma_mcp_stdio_1761365279.log
2025-10-25 00:07:59,039 - chromamcp.unconfigured - WARNING - Logger requested before main configuration.
2025-10-25 00:07:59,039 - root - INFO - Log retention policy set to 7 days
2025-10-25 00:07:59,042 - root - INFO - Monkey patched logging.getLogger to ensure all future loggers use file output only
2025-10-25 00:07:59,076 - chromamcp.unconfigured - WARNING - Logger requested before main configuration.
2025-10-25 00:07:59,077 - chromamcp.unconfigured - WARNING - Logger requested before main configuration.
2025-10-25 00:07:59,077 - chromamcp.unconfigured - WARNING - Logger requested before main configuration.
2025-10-25 00:08:01,175 - httpx - INFO - HTTP Request: GET http://localhost:8000/api/v2/auth/identity "HTTP/1.1 200 OK"
2025-10-25 00:08:02,085 - httpx - INFO - HTTP Request: GET http://localhost:8000/api/v2/tenants/default_tenant "HTTP/1.1 200 OK"
2025-10-25 00:08:02,089 - httpx - INFO - HTTP Request: GET http://localhost:8000/api/v2/tenants/default_tenant/databases/default_database "HTTP/1.1 200 OK"
2025-10-25 00:08:02,452 - httpx - INFO - HTTP Request: GET http://localhost:8000/api/v2/tenants/default_tenant/databases/default_database/collections/codebase_v1 "HTTP/1.1 200 OK"
2025-10-25 00:08:02,456 - httpx - INFO - HTTP Request: GET http://localhost:8000/api/v2/tenants/default_tenant/databases/default_database/collections/chat_history_v1 "HTTP/1.1 200 OK"
2025-10-25 00:08:02,460 - httpx - INFO - HTTP Request: GET http://localhost:8000/api/v2/tenants/default_tenant/databases/default_database/collections/derived_learnings_v1 "HTTP/1.1 200 OK"
2025-10-25 00:08:02,464 - httpx - INFO - HTTP Request: GET http://localhost:8000/api/v2/tenants/default_tenant/databases/default_database/collections/thinking_sessions_v1 "HTTP/1.1 200 OK"
2025-10-25 00:08:02,468 - httpx - INFO - HTTP Request: GET http://localhost:8000/api/v2/tenants/default_tenant/databases/default_database/collections/validation_evidence_v1 "HTTP/1.1 200 OK"
2025-10-25 00:08:02,471 - httpx - INFO - HTTP Request: GET http://localhost:8000/api/v2/tenants/default_tenant/databases/default_database/collections/test_results_v1 "HTTP/1.1 200 OK"
2025-10-25 00:08:02,473 - root - INFO - Entering stdio mode - all logs are going to file only
2025-10-25 00:08:02,482 - root - INFO - Successfully imported tool modules inside main_stdio.
2025-10-25 00:08:02,482 - root - INFO - Explicitly imported chroma_mcp.server.
2025-10-25 00:08:02,482 - root - INFO - Creating initialization options...
2025-10-25 00:08:02,487 - root - INFO - Initialization options created. Calling server.run...
2025-10-25 00:08:02,543 - root - INFO - server.run completed successfully.
