2025-10-25 03:55:35,474 - root - INFO - STDIO MODE: Logging configured - all logs redirected to C:\Users\hyper\logs\chroma_mcp_stdio_1761378935.log
2025-10-25 03:55:35,475 - chromamcp.unconfigured - WARNING - Logger requested before main configuration.
2025-10-25 03:55:35,475 - root - INFO - Log retention policy set to 7 days
2025-10-25 03:55:35,510 - root - INFO - Monkey patched logging.getLogger to ensure all future loggers use file output only
2025-10-25 03:55:35,553 - chromamcp.unconfigured - WARNING - Logger requested before main configuration.
2025-10-25 03:55:35,554 - chromamcp.unconfigured - WARNING - Logger requested before main configuration.
2025-10-25 03:55:35,554 - chromamcp.unconfigured - WARNING - Logger requested before main configuration.
2025-10-25 03:55:38,220 - httpx - INFO - HTTP Request: GET http://localhost:8000/api/v2/auth/identity "HTTP/1.1 200 OK"
2025-10-25 03:55:39,833 - httpx - INFO - HTTP Request: GET http://localhost:8000/api/v2/tenants/default_tenant "HTTP/1.1 200 OK"
2025-10-25 03:55:39,837 - httpx - INFO - HTTP Request: GET http://localhost:8000/api/v2/tenants/default_tenant/databases/default_database "HTTP/1.1 200 OK"
2025-10-25 03:55:40,056 - httpx - INFO - HTTP Request: GET http://localhost:8000/api/v2/tenants/default_tenant/databases/default_database/collections/codebase_v1 "HTTP/1.1 200 OK"
2025-10-25 03:55:40,060 - httpx - INFO - HTTP Request: GET http://localhost:8000/api/v2/tenants/default_tenant/databases/default_database/collections/chat_history_v1 "HTTP/1.1 200 OK"
2025-10-25 03:55:40,064 - httpx - INFO - HTTP Request: GET http://localhost:8000/api/v2/tenants/default_tenant/databases/default_database/collections/derived_learnings_v1 "HTTP/1.1 200 OK"
2025-10-25 03:55:40,069 - httpx - INFO - HTTP Request: GET http://localhost:8000/api/v2/tenants/default_tenant/databases/default_database/collections/thinking_sessions_v1 "HTTP/1.1 200 OK"
2025-10-25 03:55:40,073 - httpx - INFO - HTTP Request: GET http://localhost:8000/api/v2/tenants/default_tenant/databases/default_database/collections/validation_evidence_v1 "HTTP/1.1 200 OK"
2025-10-25 03:55:40,077 - httpx - INFO - HTTP Request: GET http://localhost:8000/api/v2/tenants/default_tenant/databases/default_database/collections/test_results_v1 "HTTP/1.1 200 OK"
2025-10-25 03:55:40,079 - root - INFO - Entering stdio mode - all logs are going to file only
2025-10-25 03:55:40,089 - root - INFO - Successfully imported tool modules inside main_stdio.
2025-10-25 03:55:40,089 - root - INFO - Explicitly imported chroma_mcp.server.
2025-10-25 03:55:40,089 - root - INFO - Creating initialization options...
2025-10-25 03:55:40,094 - root - INFO - Initialization options created. Calling server.run...
