2025-10-20 22:37:06,424 - root - INFO - STDIO MODE: Logging configured - all logs redirected to C:\Users\hyper\logs\chroma_mcp_stdio_1761014226.log
2025-10-20 22:37:06,424 - chromamcp.unconfigured - WARNING - Logger requested before main configuration.
2025-10-20 22:37:06,425 - root - INFO - Log retention policy set to 7 days
2025-10-20 22:37:06,425 - root - INFO - Monkey patched logging.getLogger to ensure all future loggers use file output only
2025-10-20 22:37:06,438 - chromamcp.unconfigured - WARNING - Logger requested before main configuration.
2025-10-20 22:37:06,438 - chromamcp.unconfigured - WARNING - Logger requested before main configuration.
2025-10-20 22:37:06,438 - chromamcp.unconfigured - WARNING - Logger requested before main configuration.
2025-10-20 22:37:07,525 - httpx - INFO - HTTP Request: GET http://localhost:8000/api/v2/auth/identity "HTTP/1.1 200 OK"
2025-10-20 22:37:08,169 - httpx - INFO - HTTP Request: GET http://localhost:8000/api/v2/tenants/default_tenant "HTTP/1.1 200 OK"
2025-10-20 22:37:08,172 - httpx - INFO - HTTP Request: GET http://localhost:8000/api/v2/tenants/default_tenant/databases/default_database "HTTP/1.1 200 OK"
2025-10-20 22:37:08,205 - httpx - INFO - HTTP Request: GET http://localhost:8000/api/v2/tenants/default_tenant/databases/default_database/collections/codebase_v1 "HTTP/1.1 200 OK"
2025-10-20 22:37:08,208 - httpx - INFO - HTTP Request: GET http://localhost:8000/api/v2/tenants/default_tenant/databases/default_database/collections/chat_history_v1 "HTTP/1.1 200 OK"
2025-10-20 22:37:08,212 - httpx - INFO - HTTP Request: GET http://localhost:8000/api/v2/tenants/default_tenant/databases/default_database/collections/derived_learnings_v1 "HTTP/1.1 200 OK"
2025-10-20 22:37:08,216 - httpx - INFO - HTTP Request: GET http://localhost:8000/api/v2/tenants/default_tenant/databases/default_database/collections/thinking_sessions_v1 "HTTP/1.1 200 OK"
2025-10-20 22:37:08,219 - httpx - INFO - HTTP Request: GET http://localhost:8000/api/v2/tenants/default_tenant/databases/default_database/collections/validation_evidence_v1 "HTTP/1.1 200 OK"
2025-10-20 22:37:08,222 - httpx - INFO - HTTP Request: GET http://localhost:8000/api/v2/tenants/default_tenant/databases/default_database/collections/test_results_v1 "HTTP/1.1 200 OK"
2025-10-20 22:37:08,223 - root - INFO - Entering stdio mode - all logs are going to file only
2025-10-20 22:37:08,233 - root - INFO - Successfully imported tool modules inside main_stdio.
2025-10-20 22:37:08,233 - root - INFO - Explicitly imported chroma_mcp.server.
2025-10-20 22:37:08,233 - root - INFO - Creating initialization options...
2025-10-20 22:37:08,238 - root - INFO - Initialization options created. Calling server.run...
2025-10-20 22:37:08,261 - root - INFO - server.run completed successfully.
