2025-10-25 03:55:37,519 - root - INFO - STDIO MODE: Logging configured - all logs redirected to C:\Users\hyper\logs\chroma_mcp_stdio_1761378937.log
2025-10-25 03:55:37,527 - chromamcp.unconfigured - WARNING - Logger requested before main configuration.
2025-10-25 03:55:37,528 - root - INFO - Log retention policy set to 7 days
2025-10-25 03:55:37,532 - root - INFO - Monkey patched logging.getLogger to ensure all future loggers use file output only
2025-10-25 03:55:37,631 - chromamcp.unconfigured - WARNING - Logger requested before main configuration.
2025-10-25 03:55:37,632 - chromamcp.unconfigured - WARNING - Logger requested before main configuration.
2025-10-25 03:55:37,632 - chromamcp.unconfigured - WARNING - Logger requested before main configuration.
2025-10-25 03:55:40,713 - httpx - INFO - HTTP Request: GET http://localhost:8000/api/v2/auth/identity "HTTP/1.1 200 OK"
2025-10-25 03:55:42,215 - httpx - INFO - HTTP Request: GET http://localhost:8000/api/v2/tenants/default_tenant "HTTP/1.1 200 OK"
2025-10-25 03:55:42,220 - httpx - INFO - HTTP Request: GET http://localhost:8000/api/v2/tenants/default_tenant/databases/default_database "HTTP/1.1 200 OK"
2025-10-25 03:55:42,696 - httpx - INFO - HTTP Request: GET http://localhost:8000/api/v2/tenants/default_tenant/databases/default_database/collections/codebase_v1 "HTTP/1.1 200 OK"
2025-10-25 03:55:42,700 - httpx - INFO - HTTP Request: GET http://localhost:8000/api/v2/tenants/default_tenant/databases/default_database/collections/chat_history_v1 "HTTP/1.1 200 OK"
2025-10-25 03:55:42,705 - httpx - INFO - HTTP Request: GET http://localhost:8000/api/v2/tenants/default_tenant/databases/default_database/collections/derived_learnings_v1 "HTTP/1.1 200 OK"
2025-10-25 03:55:42,710 - httpx - INFO - HTTP Request: GET http://localhost:8000/api/v2/tenants/default_tenant/databases/default_database/collections/thinking_sessions_v1 "HTTP/1.1 200 OK"
2025-10-25 03:55:42,713 - httpx - INFO - HTTP Request: GET http://localhost:8000/api/v2/tenants/default_tenant/databases/default_database/collections/validation_evidence_v1 "HTTP/1.1 200 OK"
2025-10-25 03:55:42,717 - httpx - INFO - HTTP Request: GET http://localhost:8000/api/v2/tenants/default_tenant/databases/default_database/collections/test_results_v1 "HTTP/1.1 200 OK"
2025-10-25 03:55:42,719 - root - INFO - Entering stdio mode - all logs are going to file only
2025-10-25 03:55:42,741 - root - INFO - Successfully imported tool modules inside main_stdio.
2025-10-25 03:55:42,741 - root - INFO - Explicitly imported chroma_mcp.server.
2025-10-25 03:55:42,742 - root - INFO - Creating initialization options...
2025-10-25 03:55:42,747 - root - INFO - Initialization options created. Calling server.run...
