2025-10-19 23:50:16,295 - root - INFO - STDIO MODE: Logging configured - all logs redirected to C:\Users\hyper\logs\chroma_mcp_stdio_1760932216.log
2025-10-19 23:50:16,295 - chromamcp.unconfigured - WARNING - Logger requested before main configuration.
2025-10-19 23:50:16,295 - root - INFO - Log retention policy set to 7 days
2025-10-19 23:50:16,296 - root - INFO - Monkey patched logging.getLogger to ensure all future loggers use file output only
2025-10-19 23:50:16,303 - chromamcp.unconfigured - WARNING - Logger requested before main configuration.
2025-10-19 23:50:16,304 - chromamcp.unconfigured - WARNING - Logger requested before main configuration.
2025-10-19 23:50:16,307 - chromamcp.unconfigured - WARNING - Logger requested before main configuration.
2025-10-19 23:50:16,997 - httpx - INFO - HTTP Request: GET http://localhost:8000/api/v2/auth/identity "HTTP/1.1 200 OK"
2025-10-19 23:50:17,396 - httpx - INFO - HTTP Request: GET http://localhost:8000/api/v2/tenants/default_tenant "HTTP/1.1 200 OK"
2025-10-19 23:50:17,398 - httpx - INFO - HTTP Request: GET http://localhost:8000/api/v2/tenants/default_tenant/databases/default_database "HTTP/1.1 200 OK"
2025-10-19 23:50:17,423 - httpx - INFO - HTTP Request: GET http://localhost:8000/api/v2/tenants/default_tenant/databases/default_database/collections/codebase_v1 "HTTP/1.1 200 OK"
2025-10-19 23:50:17,426 - httpx - INFO - HTTP Request: GET http://localhost:8000/api/v2/tenants/default_tenant/databases/default_database/collections/chat_history_v1 "HTTP/1.1 200 OK"
2025-10-19 23:50:17,428 - httpx - INFO - HTTP Request: GET http://localhost:8000/api/v2/tenants/default_tenant/databases/default_database/collections/derived_learnings_v1 "HTTP/1.1 200 OK"
2025-10-19 23:50:17,429 - httpx - INFO - HTTP Request: GET http://localhost:8000/api/v2/tenants/default_tenant/databases/default_database/collections/thinking_sessions_v1 "HTTP/1.1 200 OK"
2025-10-19 23:50:17,431 - httpx - INFO - HTTP Request: GET http://localhost:8000/api/v2/tenants/default_tenant/databases/default_database/collections/validation_evidence_v1 "HTTP/1.1 200 OK"
2025-10-19 23:50:17,434 - httpx - INFO - HTTP Request: GET http://localhost:8000/api/v2/tenants/default_tenant/databases/default_database/collections/test_results_v1 "HTTP/1.1 200 OK"
2025-10-19 23:50:17,435 - root - INFO - Entering stdio mode - all logs are going to file only
2025-10-19 23:50:17,439 - root - INFO - Successfully imported tool modules inside main_stdio.
2025-10-19 23:50:17,440 - root - INFO - Explicitly imported chroma_mcp.server.
2025-10-19 23:50:17,440 - root - INFO - Creating initialization options...
2025-10-19 23:50:17,442 - root - INFO - Initialization options created. Calling server.run...
